<?xml version="1.0" encoding="UTF-8"?>
<testsuite name="TestDataClasses" tests="1" skipped="0" failures="0" errors="0" timestamp="2018-06-26T02:14:33" hostname="Clays-MBP" time="0.021">
  <properties/>
  <testcase name="testListOfPeople" classname="TestDataClasses" time="0.021"/>
  <system-out><![CDATA[]]></system-out>
  <system-err><![CDATA[]]></system-err>
</testsuite>
