<?xml version="1.0" encoding="UTF-8"?>
<testsuite name="TestFlatMap" tests="2" skipped="0" failures="0" errors="0" timestamp="2018-06-28T02:51:37" hostname="Clays-MBP" time="0.046">
  <properties/>
  <testcase name="testGetOrderedProductsSet" classname="TestFlatMap" time="0.044"/>
  <testcase name="testGetAllOrderedProducts" classname="TestFlatMap" time="0.001"/>
  <system-out><![CDATA[]]></system-out>
  <system-err><![CDATA[]]></system-err>
</testsuite>
