<?xml version="1.0" encoding="UTF-8"?>
<testsuite name="TestFunctions" tests="1" skipped="0" failures="0" errors="0" timestamp="2018-06-24T22:29:24" hostname="UALC02VG0JUHTDD" time="0.016">
  <properties/>
  <testcase name="collection" classname="TestFunctions" time="0.016"/>
  <system-out><![CDATA[]]></system-out>
  <system-err><![CDATA[]]></system-err>
</testsuite>
