<?xml version="1.0" encoding="UTF-8"?>
<testsuite name="TestFunctions" tests="1" skipped="0" failures="0" errors="0" timestamp="2018-06-26T02:13:11" hostname="Clays-MBP" time="0.022">
  <properties/>
  <testcase name="collection" classname="TestFunctions" time="0.022"/>
  <system-out><![CDATA[]]></system-out>
  <system-err><![CDATA[]]></system-err>
</testsuite>
