<?xml version="1.0" encoding="UTF-8"?>
<testsuite name="TestExtensionsOnCollections" tests="1" skipped="0" failures="0" errors="0" timestamp="2018-06-25T01:44:39" hostname="UALC02VG0JUHTDD" time="0.021">
  <properties/>
  <testcase name="testSort" classname="TestExtensionsOnCollections" time="0.021"/>
  <system-out><![CDATA[]]></system-out>
  <system-err><![CDATA[]]></system-err>
</testsuite>
