<?xml version="1.0" encoding="UTF-8"?>
<testsuite name="TestExtensionsOnCollections" tests="1" skipped="0" failures="0" errors="0" timestamp="2018-06-26T02:15:52" hostname="Clays-MBP" time="0.026">
  <properties/>
  <testcase name="testSort" classname="TestExtensionsOnCollections" time="0.026"/>
  <system-out><![CDATA[]]></system-out>
  <system-err><![CDATA[]]></system-err>
</testsuite>
