<?xml version="1.0" encoding="UTF-8"?>
<testsuite name="TestMultiAssignment" tests="1" skipped="0" failures="0" errors="0" timestamp="2018-06-26T02:43:07" hostname="Clays-MBP" time="0.004">
  <properties/>
  <testcase name="testIsLeapDay" classname="TestMultiAssignment" time="0.004"/>
  <system-out><![CDATA[]]></system-out>
  <system-err><![CDATA[]]></system-err>
</testsuite>
