<?xml version="1.0" encoding="UTF-8"?>
<testsuite name="TestNamedArguments" tests="1" skipped="0" failures="0" errors="0" timestamp="2018-06-24T22:36:26" hostname="UALC02VG0JUHTDD" time="0.022">
  <properties/>
  <testcase name="testJoinToString" classname="TestNamedArguments" time="0.022"/>
  <system-out><![CDATA[]]></system-out>
  <system-err><![CDATA[]]></system-err>
</testsuite>
