<?xml version="1.0" encoding="UTF-8"?>
<testsuite name="TestFilterMap" tests="2" skipped="0" failures="0" errors="0" timestamp="2018-06-28T02:43:32" hostname="Clays-MBP" time="0.044">
  <properties/>
  <testcase name="testCitiesCustomersAreFrom" classname="TestFilterMap" time="0.043"/>
  <testcase name="testCustomersFromCity" classname="TestFilterMap" time="0.0"/>
  <system-out><![CDATA[]]></system-out>
  <system-err><![CDATA[]]></system-err>
</testsuite>
