<?xml version="1.0" encoding="UTF-8"?>
<testsuite name="TestSmartCasts" tests="3" skipped="0" failures="0" errors="0" timestamp="2018-06-25T01:25:31" hostname="UALC02VG0JUHTDD" time="0.004">
  <properties/>
  <testcase name="testNum" classname="TestSmartCasts" time="0.003"/>
  <testcase name="testSum" classname="TestSmartCasts" time="0.001"/>
  <testcase name="testRecursion" classname="TestSmartCasts" time="0.0"/>
  <system-out><![CDATA[]]></system-out>
  <system-err><![CDATA[]]></system-err>
</testsuite>
