<?xml version="1.0" encoding="UTF-8"?>
<testsuite name="TestInvoke" tests="2" skipped="0" failures="0" errors="0" timestamp="2018-06-26T02:46:51" hostname="Clays-MBP" time="0.013">
  <properties/>
  <testcase name="testInvokeTwice" classname="TestInvoke" time="0.011"/>
  <testcase name="testNumberOfInvocations" classname="TestInvoke" time="0.002"/>
  <system-out><![CDATA[]]></system-out>
  <system-err><![CDATA[]]></system-err>
</testsuite>
