<?xml version="1.0" encoding="UTF-8"?>
<testsuite name="TestSamConversions" tests="1" skipped="0" failures="0" errors="0" timestamp="2018-06-25T01:42:47" hostname="UALC02VG0JUHTDD" time="0.018">
  <properties/>
  <testcase name="testSort" classname="TestSamConversions" time="0.018"/>
  <system-out><![CDATA[]]></system-out>
  <system-err><![CDATA[]]></system-err>
</testsuite>
