<?xml version="1.0" encoding="UTF-8"?>
<testsuite name="TestStart" tests="1" skipped="0" failures="0" errors="0" timestamp="2018-06-24T22:28:06" hostname="UALC02VG0JUHTDD" time="0.001">
  <properties/>
  <testcase name="testOk" classname="TestStart" time="0.001"/>
  <system-out><![CDATA[]]></system-out>
  <system-err><![CDATA[]]></system-err>
</testsuite>
