<?xml version="1.0" encoding="UTF-8"?>
<testsuite name="TestSum" tests="1" skipped="0" failures="0" errors="0" timestamp="2018-06-28T02:58:31" hostname="Clays-MBP" time="0.041">
  <properties/>
  <testcase name="testGetTotalOrderPrice" classname="TestSum" time="0.041"/>
  <system-out><![CDATA[]]></system-out>
  <system-err><![CDATA[]]></system-err>
</testsuite>
