<?xml version="1.0" encoding="UTF-8"?>
<testsuite name="TestObjectExpressions" tests="1" skipped="0" failures="0" errors="0" timestamp="2018-06-25T01:32:17" hostname="UALC02VG0JUHTDD" time="0.02">
  <properties/>
  <testcase name="testSort" classname="TestObjectExpressions" time="0.02"/>
  <system-out><![CDATA[]]></system-out>
  <system-err><![CDATA[]]></system-err>
</testsuite>
