<?xml version="1.0" encoding="UTF-8"?>
<testsuite name="TestLambdas" tests="2" skipped="0" failures="0" errors="0" timestamp="2018-06-25T01:06:17" hostname="UALC02VG0JUHTDD" time="0.016">
  <properties/>
  <testcase name="contains" classname="TestLambdas" time="0.016"/>
  <testcase name="notContains" classname="TestLambdas" time="0.0"/>
  <system-out><![CDATA[]]></system-out>
  <system-err><![CDATA[]]></system-err>
</testsuite>
