<?xml version="1.0" encoding="UTF-8"?>
<testsuite name="TestForLoop" tests="2" skipped="0" failures="0" errors="0" timestamp="2018-06-26T02:30:22" hostname="Clays-MBP" time="0.024">
  <properties/>
  <testcase name="testIterateOverDateRange" classname="TestForLoop" time="0.023"/>
  <testcase name="testIterateOverEmptyRange" classname="TestForLoop" time="0.001"/>
  <system-out><![CDATA[]]></system-out>
  <system-err><![CDATA[]]></system-err>
</testsuite>
