<?xml version="1.0" encoding="UTF-8"?>
<testsuite name="TestRangeTo" tests="1" skipped="0" failures="0" errors="0" timestamp="2018-06-26T02:22:01" hostname="Clays-MBP" time="0.005">
  <properties/>
  <testcase name="testInRange" classname="TestRangeTo" time="0.005"/>
  <system-out><![CDATA[]]></system-out>
  <system-err><![CDATA[]]></system-err>
</testsuite>
